error: cannot find startxref
warning: trying to repair broken xref
warning: repairing PDF document
warning: object missing 'endobj' token
error: cannot recognize version marker
warning: trying to repair broken xref
warning: repairing PDF document
error: cannot tell in file
error: could not open document

error: cannot find startxref
warning: trying to repair broken xref
warning: repairing PDF document
warning: object missing 'endobj' token
error: cannot recognize version marker
warning: trying to repair broken xref
warning: repairing PDF document
error: cannot tell in file
error: could not open document

error: cannot recognize version marker
warning: trying to repair broken xref
warning: repairing PDF document
error: cannot tell in file
error: could not open document

error: cannot recognize version marker
warning: trying to repair broken xref
warning: repairing PDF document
error: cannot tell in file
error: could not open document

