error: cannot recognize version marker
warning: trying to repair broken xref
warning: repairing PDF document
error: cannot tell in file
error: could not open document

error: cannot recognize version marker
warning: trying to repair broken xref
warning: repairing PDF document
error: cannot tell in file
error: could not open document

error: cannot recognize version marker
warning: trying to repair broken xref
warning: repairing PDF document
error: cannot tell in file
error: could not open document

error: cannot recognize version marker
warning: trying to repair broken xref
warning: repairing PDF document
error: cannot tell in file
error: could not open document

error: cannot recognize version marker
warning: trying to repair broken xref
warning: repairing PDF document
error: cannot tell in file
error: could not open document

error: cannot recognize version marker
warning: trying to repair broken xref
warning: repairing PDF document
error: cannot tell in file
error: could not open document

error: cannot recognize version marker
warning: trying to repair broken xref
warning: repairing PDF document
error: cannot tell in file
error: could not open document

error: cannot recognize version marker
warning: trying to repair broken xref
warning: repairing PDF document
error: cannot tell in file
error: could not open document

error: cannot recognize version marker
warning: trying to repair broken xref
warning: repairing PDF document
error: cannot tell in file
error: could not open document

error: cannot recognize version marker
warning: trying to repair broken xref
warning: repairing PDF document
error: cannot tell in file
error: could not open document

error: cannot recognize version marker
warning: trying to repair broken xref
warning: repairing PDF document
error: cannot tell in file
error: could not open document

error: cannot recognize version marker
warning: trying to repair broken xref
warning: repairing PDF document
error: cannot tell in file
error: could not open document

error: cannot recognize version marker
warning: trying to repair broken xref
warning: repairing PDF document
error: cannot tell in file
error: could not open document

error: cannot recognize version marker
warning: trying to repair broken xref
warning: repairing PDF document
error: cannot tell in file
error: could not open document

error: cannot recognize version marker
warning: trying to repair broken xref
warning: repairing PDF document
error: cannot tell in file
error: could not open document

error: cannot recognize version marker
warning: trying to repair broken xref
warning: repairing PDF document
error: cannot tell in file
error: could not open document

error: cannot recognize version marker
warning: trying to repair broken xref
warning: repairing PDF document
error: cannot tell in file
error: could not open document

error: cannot recognize version marker
warning: trying to repair broken xref
warning: repairing PDF document
error: cannot tell in file
error: could not open document

error: cannot recognize version marker
warning: trying to repair broken xref
warning: repairing PDF document
error: cannot tell in file
error: could not open document

error: cannot recognize version marker
warning: trying to repair broken xref
warning: repairing PDF document
error: cannot tell in file
error: could not open document

error: Could not determine file type.
error: Could not determine file type.
error: cannot recognize version marker
warning: trying to repair broken xref
warning: repairing PDF document
error: cannot tell in file
error: could not open document

error: cannot recognize version marker
warning: trying to repair broken xref
warning: repairing PDF document
error: cannot tell in file
error: could not open document

error: cannot recognize version marker
warning: trying to repair broken xref
warning: repairing PDF document
error: cannot tell in file
error: could not open document

error: cannot recognize version marker
warning: trying to repair broken xref
warning: repairing PDF document
error: cannot tell in file
error: could not open document

error: cannot recognize version marker
warning: trying to repair broken xref
warning: repairing PDF document
error: cannot tell in file
error: could not open document

error: cannot recognize version marker
warning: trying to repair broken xref
warning: repairing PDF document
error: cannot tell in file
error: could not open document

error: cannot recognize version marker
warning: trying to repair broken xref
warning: repairing PDF document
error: cannot tell in file
error: could not open document

error: cannot recognize version marker
warning: trying to repair broken xref
warning: repairing PDF document
error: cannot tell in file
error: could not open document

error: cannot recognize version marker
warning: trying to repair broken xref
warning: repairing PDF document
error: cannot tell in file
error: could not open document

error: cannot recognize version marker
warning: trying to repair broken xref
warning: repairing PDF document
error: cannot tell in file
error: could not open document

error: cannot recognize version marker
warning: trying to repair broken xref
warning: repairing PDF document
error: cannot tell in file
error: could not open document

error: cannot recognize version marker
warning: trying to repair broken xref
warning: repairing PDF document
error: cannot tell in file
error: could not open document

error: cannot recognize version marker
warning: trying to repair broken xref
warning: repairing PDF document
error: cannot tell in file
error: could not open document

error: cannot recognize version marker
warning: trying to repair broken xref
warning: repairing PDF document
error: cannot tell in file
error: could not open document

error: cannot recognize version marker
warning: trying to repair broken xref
warning: repairing PDF document
error: cannot tell in file
error: could not open document

error: cannot recognize version marker
warning: trying to repair broken xref
warning: repairing PDF document
error: cannot tell in file
error: could not open document

error: cannot recognize version marker
warning: trying to repair broken xref
warning: repairing PDF document
error: cannot tell in file
error: could not open document

error: cannot recognize version marker
warning: trying to repair broken xref
warning: repairing PDF document
error: cannot tell in file
error: could not open document

error: cannot recognize version marker
warning: trying to repair broken xref
warning: repairing PDF document
error: cannot tell in file
error: could not open document

